  win32_platform.cpp
I:\Visual Studio\GAME DEV\Project1\Project1\renderer.cpp(1,10): warning C4067: unexpected tokens following preprocessor directive - expected a newline
  (compiling source file 'win32_platform.cpp')
  
I:\Visual Studio\GAME DEV\Project1\Project1\game.cpp(47,37): warning C4305: 'argument': truncation from 'double' to 'float'
  (compiling source file 'win32_platform.cpp')
  
I:\Visual Studio\GAME DEV\Project1\Project1\game.cpp(49,36): warning C4305: 'argument': truncation from 'double' to 'float'
  (compiling source file 'win32_platform.cpp')
  
I:\Visual Studio\GAME DEV\Project1\Project1\game.cpp(53,13): warning C4305: 'argument': truncation from 'double' to 'float'
  (compiling source file 'win32_platform.cpp')
  
I:\Visual Studio\GAME DEV\Project1\Project1\game.cpp(54,13): warning C4305: 'argument': truncation from 'double' to 'float'
  (compiling source file 'win32_platform.cpp')
  
I:\Visual Studio\GAME DEV\Project1\Project1\game.cpp(57,43): warning C4305: 'argument': truncation from 'double' to 'float'
  (compiling source file 'win32_platform.cpp')
  
I:\Visual Studio\GAME DEV\Project1\Project1\game.cpp(57,37): warning C4305: 'argument': truncation from 'double' to 'float'
  (compiling source file 'win32_platform.cpp')
  
I:\Visual Studio\GAME DEV\Project1\Project1\game.cpp(115,69): warning C4244: '=': conversion from 'double' to 'float', possible loss of data
  (compiling source file 'win32_platform.cpp')
  
I:\Visual Studio\GAME DEV\Project1\Project1\game.cpp(120,69): warning C4244: '=': conversion from 'double' to 'float', possible loss of data
  (compiling source file 'win32_platform.cpp')
  
I:\Visual Studio\GAME DEV\Project1\Project1\game.cpp(188,13): warning C4305: 'argument': truncation from 'double' to 'float'
  (compiling source file 'win32_platform.cpp')
  
I:\Visual Studio\GAME DEV\Project1\Project1\game.cpp(189,13): warning C4305: 'argument': truncation from 'double' to 'float'
  (compiling source file 'win32_platform.cpp')
  
I:\Visual Studio\GAME DEV\Project1\Project1\game.cpp(190,43): warning C4305: 'argument': truncation from 'double' to 'float'
  (compiling source file 'win32_platform.cpp')
  
I:\Visual Studio\GAME DEV\Project1\Project1\game.cpp(190,37): warning C4305: 'argument': truncation from 'double' to 'float'
  (compiling source file 'win32_platform.cpp')
  
  Project1.vcxproj -> I:\Visual Studio\GAME DEV\Project1\Debug\Project1.exe
